2024-06-23 15:32:43 INFO  Log:12 - =====================================productAvailabilityTest TEST START=========================================
2024-06-23 15:32:49 INFO  Log:16 - =====================================productAvailabilityTest TEST END=========================================
2024-06-23 15:54:23 INFO  Log:12 - =====================================verifyLogo TEST START=========================================
2024-06-23 15:54:23 INFO  Log:16 - =====================================verifyLogo TEST END=========================================
2024-06-23 15:54:38 INFO  Log:12 - =====================================verifyTitle TEST START=========================================
2024-06-23 15:54:38 INFO  Log:16 - =====================================verifyTitle TEST END=========================================
2024-06-23 15:54:52 INFO  Log:12 - =====================================loginTest TEST START=========================================
2024-06-23 15:54:52 INFO  Log:23 - user is going to click on SignIn
2024-06-23 15:54:54 INFO  Log:23 - Enter Username and Password
2024-06-23 15:54:58 INFO  Log:23 - Verifying if user is able to login
2024-06-23 15:54:58 INFO  Log:23 - Login is Success
2024-06-23 15:54:58 INFO  Log:16 - =====================================loginTest TEST END=========================================
2024-06-23 15:55:04 INFO  Log:12 - =====================================orderHistoryandDetailsTest TEST START=========================================
2024-06-23 15:55:12 INFO  Log:16 - =====================================orderHistoryandDetailsTest TEST END=========================================
2024-06-23 15:55:27 INFO  Log:12 - =====================================wishListTest TEST START=========================================
2024-06-23 15:55:51 INFO  Log:12 - =====================================verifyCreateAccountPageTest TEST START=========================================
2024-06-23 15:56:08 INFO  Log:12 - =====================================productAvailabilityTest TEST START=========================================
2024-06-23 15:56:13 INFO  Log:16 - =====================================productAvailabilityTest TEST END=========================================
2024-06-23 15:56:19 INFO  Log:12 - =====================================verifyTotalPrice TEST START=========================================
2024-06-23 15:56:31 INFO  Log:16 - =====================================verifyTotalPrice TEST END=========================================
2024-06-23 15:56:44 INFO  Log:12 - =====================================addToCartTest TEST START=========================================
2024-06-23 15:57:05 INFO  Log:16 - =====================================addToCartTest TEST END=========================================
2024-06-23 15:57:11 INFO  Log:12 - =====================================endToEndTest TEST START=========================================
2024-06-23 16:17:39 INFO  Log:12 - =====================================verifyLogo TEST START=========================================
2024-06-23 16:17:39 INFO  Log:16 - =====================================verifyLogo TEST END=========================================
2024-06-23 16:17:47 INFO  Log:12 - =====================================verifyTitle TEST START=========================================
2024-06-23 16:17:47 INFO  Log:16 - =====================================verifyTitle TEST END=========================================
2024-06-23 16:18:03 INFO  Log:12 - =====================================loginTest TEST START=========================================
2024-06-23 16:18:03 INFO  Log:23 - user is going to click on SignIn
2024-06-23 16:18:07 INFO  Log:23 - Enter Username and Password
2024-06-23 16:18:11 INFO  Log:23 - Verifying if user is able to login
2024-06-23 16:18:11 INFO  Log:23 - Login is Success
2024-06-23 16:18:11 INFO  Log:16 - =====================================loginTest TEST END=========================================
2024-06-23 16:18:26 INFO  Log:12 - =====================================orderHistoryandDetailsTest TEST START=========================================
2024-06-23 16:18:32 INFO  Log:16 - =====================================orderHistoryandDetailsTest TEST END=========================================
2024-06-23 16:18:44 INFO  Log:12 - =====================================wishListTest TEST START=========================================
2024-06-23 16:19:16 INFO  Log:12 - =====================================verifyCreateAccountPageTest TEST START=========================================
2024-06-23 16:19:34 INFO  Log:12 - =====================================productAvailabilityTest TEST START=========================================
2024-06-23 16:19:38 INFO  Log:16 - =====================================productAvailabilityTest TEST END=========================================
2024-06-23 16:26:34 INFO  Log:12 - =====================================verifyCreateAccountPageTest TEST START=========================================
2024-06-23 16:26:44 INFO  Log:12 - =====================================verifyTotalPrice TEST START=========================================
2024-06-23 16:27:12 INFO  Log:12 - =====================================addToCartTest TEST START=========================================
2024-06-23 16:27:48 INFO  Log:12 - =====================================endToEndTest TEST START=========================================
2024-06-23 16:28:29 INFO  Log:16 - =====================================endToEndTest TEST END=========================================
2024-06-23 16:37:17 INFO  Log:12 - =====================================verifyLogo TEST START=========================================
2024-06-23 16:37:25 INFO  Log:12 - =====================================verifyTitle TEST START=========================================
2024-06-23 16:38:21 INFO  Log:12 - =====================================verifyLogo TEST START=========================================
2024-06-23 16:38:22 INFO  Log:16 - =====================================verifyLogo TEST END=========================================
2024-06-23 16:39:48 INFO  Log:12 - =====================================verifyLogo TEST START=========================================
2024-06-23 16:39:48 INFO  Log:16 - =====================================verifyLogo TEST END=========================================
2024-06-23 16:39:59 INFO  Log:12 - =====================================verifyTitle TEST START=========================================
2024-06-23 16:39:59 INFO  Log:16 - =====================================verifyTitle TEST END=========================================
2024-06-23 16:40:11 INFO  Log:12 - =====================================verifyLogo TEST START=========================================
2024-06-23 16:40:11 INFO  Log:16 - =====================================verifyLogo TEST END=========================================
2024-06-23 16:40:23 INFO  Log:12 - =====================================verifyTitle TEST START=========================================
2024-06-23 16:40:23 INFO  Log:16 - =====================================verifyTitle TEST END=========================================
2024-06-23 16:40:31 INFO  Log:12 - =====================================verifyLogo TEST START=========================================
2024-06-23 16:40:31 INFO  Log:16 - =====================================verifyLogo TEST END=========================================
2024-06-23 16:40:42 INFO  Log:12 - =====================================verifyTitle TEST START=========================================
2024-06-23 16:40:42 INFO  Log:16 - =====================================verifyTitle TEST END=========================================
2024-06-23 20:16:22 INFO  Log:12 - =====================================verifyLogo TEST START=========================================
2024-06-23 20:16:23 INFO  Log:16 - =====================================verifyLogo TEST END=========================================
2024-06-23 20:16:31 INFO  Log:12 - =====================================verifyTitle TEST START=========================================
2024-06-23 20:16:31 INFO  Log:16 - =====================================verifyTitle TEST END=========================================
2024-06-23 20:16:40 INFO  Log:12 - =====================================loginTest TEST START=========================================
2024-06-23 20:16:40 INFO  Log:23 - user is going to click on SignIn
2024-06-23 20:16:42 INFO  Log:23 - Enter Username and Password
2024-06-23 20:16:45 INFO  Log:23 - Verifying if user is able to login
2024-06-23 20:16:45 INFO  Log:23 - Login is Success
2024-06-23 20:16:45 INFO  Log:16 - =====================================loginTest TEST END=========================================
2024-06-23 20:16:55 INFO  Log:12 - =====================================orderHistoryandDetailsTest TEST START=========================================
2024-06-23 20:16:59 INFO  Log:16 - =====================================orderHistoryandDetailsTest TEST END=========================================
2024-06-23 20:17:10 INFO  Log:12 - =====================================wishListTest TEST START=========================================
2024-06-23 20:17:33 INFO  Log:12 - =====================================verifyCreateAccountPageTest TEST START=========================================
2024-06-23 20:17:43 INFO  Log:12 - =====================================productAvailabilityTest TEST START=========================================
2024-06-23 20:17:46 INFO  Log:16 - =====================================productAvailabilityTest TEST END=========================================
2024-06-23 20:18:12 INFO  Log:12 - =====================================verifyLogo TEST START=========================================
2024-06-23 20:18:12 INFO  Log:16 - =====================================verifyLogo TEST END=========================================
2024-06-23 20:18:19 INFO  Log:12 - =====================================verifyTitle TEST START=========================================
2024-06-23 20:18:19 INFO  Log:16 - =====================================verifyTitle TEST END=========================================
2024-06-23 20:18:26 INFO  Log:12 - =====================================loginTest TEST START=========================================
2024-06-23 20:18:26 INFO  Log:23 - user is going to click on SignIn
2024-06-23 20:18:29 INFO  Log:23 - Enter Username and Password
2024-06-23 20:18:32 INFO  Log:23 - Verifying if user is able to login
2024-06-23 20:18:32 INFO  Log:23 - Login is Success
2024-06-23 20:18:32 INFO  Log:16 - =====================================loginTest TEST END=========================================
2024-06-23 20:18:41 INFO  Log:12 - =====================================orderHistoryandDetailsTest TEST START=========================================
2024-06-23 20:18:47 INFO  Log:16 - =====================================orderHistoryandDetailsTest TEST END=========================================
2024-06-23 20:18:54 INFO  Log:12 - =====================================wishListTest TEST START=========================================
2024-06-23 20:19:18 INFO  Log:12 - =====================================verifyCreateAccountPageTest TEST START=========================================
2024-06-23 20:19:21 INFO  Log:16 - =====================================verifyCreateAccountPageTest TEST END=========================================
2024-06-23 20:19:29 INFO  Log:12 - =====================================productAvailabilityTest TEST START=========================================
2024-06-23 20:19:34 INFO  Log:16 - =====================================productAvailabilityTest TEST END=========================================
2024-06-23 20:22:02 INFO  Log:12 - =====================================verifyLogo TEST START=========================================
2024-06-23 20:22:02 INFO  Log:16 - =====================================verifyLogo TEST END=========================================
2024-06-23 20:22:11 INFO  Log:12 - =====================================verifyTitle TEST START=========================================
2024-06-23 20:22:11 INFO  Log:16 - =====================================verifyTitle TEST END=========================================
2024-06-23 20:22:24 INFO  Log:12 - =====================================loginTest TEST START=========================================
2024-06-23 20:22:24 INFO  Log:23 - user is going to click on SignIn
2024-06-23 20:22:27 INFO  Log:23 - Enter Username and Password
2024-06-23 20:22:30 INFO  Log:23 - Verifying if user is able to login
2024-06-23 20:22:30 INFO  Log:23 - Login is Success
2024-06-23 20:22:30 INFO  Log:16 - =====================================loginTest TEST END=========================================
2024-06-23 20:22:40 INFO  Log:12 - =====================================orderHistoryandDetailsTest TEST START=========================================
2024-06-25 16:41:14 INFO  Log:12 - =====================================verifyCreateAccountPageTest TEST START=========================================
2024-06-25 16:41:56 INFO  Log:12 - =====================================wishListTest TEST START=========================================
2024-07-03 19:49:21 INFO  Log:12 - =====================================verifyLogo TEST START=========================================
2024-07-03 19:49:22 INFO  Log:16 - =====================================verifyLogo TEST END=========================================
2024-07-03 19:49:31 INFO  Log:12 - =====================================verifyTitle TEST START=========================================
2024-07-03 19:49:31 INFO  Log:16 - =====================================verifyTitle TEST END=========================================
2024-07-03 19:49:46 INFO  Log:12 - =====================================loginTest TEST START=========================================
2024-07-03 19:49:46 INFO  Log:23 - user is going to click on SignIn
2024-07-03 19:49:52 INFO  Log:23 - Enter Username and Password
2024-07-03 19:49:57 INFO  Log:23 - Verifying if user is able to login
2024-07-03 19:49:57 INFO  Log:23 - Login is Success
2024-07-03 19:49:57 INFO  Log:16 - =====================================loginTest TEST END=========================================
2024-07-03 19:50:12 INFO  Log:12 - =====================================orderHistoryandDetailsTest TEST START=========================================
2024-07-03 19:50:20 INFO  Log:16 - =====================================orderHistoryandDetailsTest TEST END=========================================
2024-07-03 19:50:32 INFO  Log:12 - =====================================wishListTest TEST START=========================================
2024-07-03 19:51:06 INFO  Log:12 - =====================================verifyCreateAccountPageTest TEST START=========================================
2024-07-03 19:51:13 INFO  Log:16 - =====================================verifyCreateAccountPageTest TEST END=========================================
2024-07-03 19:51:30 INFO  Log:12 - =====================================productAvailabilityTest TEST START=========================================
2024-07-03 19:51:36 INFO  Log:16 - =====================================productAvailabilityTest TEST END=========================================
2024-07-03 19:51:46 INFO  Log:12 - =====================================verifyTotalPrice TEST START=========================================
2024-07-03 19:52:04 INFO  Log:16 - =====================================verifyTotalPrice TEST END=========================================
2024-07-03 19:52:22 INFO  Log:12 - =====================================addToCartTest TEST START=========================================
2024-07-03 19:52:42 INFO  Log:16 - =====================================addToCartTest TEST END=========================================
2024-07-03 19:52:55 INFO  Log:12 - =====================================endToEndTest TEST START=========================================
2024-07-03 19:53:38 INFO  Log:16 - =====================================endToEndTest TEST END=========================================
2024-07-03 19:53:39 DEBUG cache:45 - Couldn't find template in cache for "v3html/v3-html-index.ftl"("en", UTF-8, parsed); will try to load it.
2024-07-03 19:53:39 DEBUG cache:45 - TemplateLoader.findTemplateSource("v3html/v3-html-index_en.ftl"): Not found
2024-07-03 19:53:39 DEBUG cache:45 - TemplateLoader.findTemplateSource("v3html/v3-html-index.ftl"): Found
2024-07-03 19:53:39 DEBUG cache:45 - Loading template for "v3html/v3-html-index.ftl"("en", UTF-8, parsed) from "jar:file:/C:/Users/ALOK/.m2/repository/com/aventstack/extentreports/4.0.9/extentreports-4.0.9.jar!/com/aventstack/extentreports/view/v3html/v3-html-index.ftl"
2024-07-03 19:53:39 DEBUG cache:45 - Couldn't find template in cache for "v3html/v3-html-head.ftl"("en", UTF-8, parsed); will try to load it.
2024-07-03 19:53:39 DEBUG cache:45 - TemplateLoader.findTemplateSource("v3html/v3-html-head_en.ftl"): Not found
2024-07-03 19:53:39 DEBUG cache:45 - TemplateLoader.findTemplateSource("v3html/v3-html-head.ftl"): Found
2024-07-03 19:53:39 DEBUG cache:45 - Loading template for "v3html/v3-html-head.ftl"("en", UTF-8, parsed) from "jar:file:/C:/Users/ALOK/.m2/repository/com/aventstack/extentreports/4.0.9/extentreports-4.0.9.jar!/com/aventstack/extentreports/view/v3html/v3-html-head.ftl"
2024-07-03 19:53:39 DEBUG cache:45 - Couldn't find template in cache for "v3html/v3-html-nav.ftl"("en", UTF-8, parsed); will try to load it.
2024-07-03 19:53:39 DEBUG cache:45 - TemplateLoader.findTemplateSource("v3html/v3-html-nav_en.ftl"): Not found
2024-07-03 19:53:39 DEBUG cache:45 - TemplateLoader.findTemplateSource("v3html/v3-html-nav.ftl"): Found
2024-07-03 19:53:39 DEBUG cache:45 - Loading template for "v3html/v3-html-nav.ftl"("en", UTF-8, parsed) from "jar:file:/C:/Users/ALOK/.m2/repository/com/aventstack/extentreports/4.0.9/extentreports-4.0.9.jar!/com/aventstack/extentreports/view/v3html/v3-html-nav.ftl"
2024-07-03 19:53:39 DEBUG cache:45 - Couldn't find template in cache for "v3html/test-view/v3-html-test-view.ftl"("en", UTF-8, parsed); will try to load it.
2024-07-03 19:53:39 DEBUG cache:45 - TemplateLoader.findTemplateSource("v3html/test-view/v3-html-test-view_en.ftl"): Not found
2024-07-03 19:53:39 DEBUG cache:45 - TemplateLoader.findTemplateSource("v3html/test-view/v3-html-test-view.ftl"): Found
2024-07-03 19:53:39 DEBUG cache:45 - Loading template for "v3html/test-view/v3-html-test-view.ftl"("en", UTF-8, parsed) from "jar:file:/C:/Users/ALOK/.m2/repository/com/aventstack/extentreports/4.0.9/extentreports-4.0.9.jar!/com/aventstack/extentreports/view/v3html/test-view/v3-html-test-view.ftl"
2024-07-03 19:53:39 DEBUG cache:45 - Couldn't find template in cache for "v3html/test-view/v3-html-test-view-charts.ftl"("en", UTF-8, parsed); will try to load it.
2024-07-03 19:53:39 DEBUG cache:45 - TemplateLoader.findTemplateSource("v3html/test-view/v3-html-test-view-charts_en.ftl"): Not found
2024-07-03 19:53:39 DEBUG cache:45 - TemplateLoader.findTemplateSource("v3html/test-view/v3-html-test-view-charts.ftl"): Found
2024-07-03 19:53:39 DEBUG cache:45 - Loading template for "v3html/test-view/v3-html-test-view-charts.ftl"("en", UTF-8, parsed) from "jar:file:/C:/Users/ALOK/.m2/repository/com/aventstack/extentreports/4.0.9/extentreports-4.0.9.jar!/com/aventstack/extentreports/view/v3html/test-view/v3-html-test-view-charts.ftl"
2024-07-03 19:53:39 DEBUG cache:45 - Couldn't find template in cache for "v3html/test-view/v3-html-standard.ftl"("en", UTF-8, parsed); will try to load it.
2024-07-03 19:53:39 DEBUG cache:45 - TemplateLoader.findTemplateSource("v3html/test-view/v3-html-standard_en.ftl"): Not found
2024-07-03 19:53:39 DEBUG cache:45 - TemplateLoader.findTemplateSource("v3html/test-view/v3-html-standard.ftl"): Found
2024-07-03 19:53:39 DEBUG cache:45 - Loading template for "v3html/test-view/v3-html-standard.ftl"("en", UTF-8, parsed) from "jar:file:/C:/Users/ALOK/.m2/repository/com/aventstack/extentreports/4.0.9/extentreports-4.0.9.jar!/com/aventstack/extentreports/view/v3html/test-view/v3-html-standard.ftl"
2024-07-03 19:53:39 DEBUG cache:45 - "v3html/test-view/v3-html-standard.ftl"("en", UTF-8, parsed) cached copy not yet stale; using cached.
2024-07-03 19:53:39 DEBUG cache:45 - "v3html/test-view/v3-html-standard.ftl"("en", UTF-8, parsed) cached copy not yet stale; using cached.
2024-07-03 19:53:39 DEBUG cache:45 - "v3html/test-view/v3-html-standard.ftl"("en", UTF-8, parsed) cached copy not yet stale; using cached.
2024-07-03 19:53:39 DEBUG cache:45 - "v3html/test-view/v3-html-standard.ftl"("en", UTF-8, parsed) cached copy not yet stale; using cached.
2024-07-03 19:53:39 DEBUG cache:45 - "v3html/test-view/v3-html-standard.ftl"("en", UTF-8, parsed) cached copy not yet stale; using cached.
2024-07-03 19:53:39 DEBUG cache:45 - "v3html/test-view/v3-html-standard.ftl"("en", UTF-8, parsed) cached copy not yet stale; using cached.
2024-07-03 19:53:39 DEBUG cache:45 - "v3html/test-view/v3-html-standard.ftl"("en", UTF-8, parsed) cached copy not yet stale; using cached.
2024-07-03 19:53:39 DEBUG cache:45 - "v3html/test-view/v3-html-standard.ftl"("en", UTF-8, parsed) cached copy not yet stale; using cached.
2024-07-03 19:53:39 DEBUG cache:45 - "v3html/test-view/v3-html-standard.ftl"("en", UTF-8, parsed) cached copy not yet stale; using cached.
2024-07-03 19:53:39 DEBUG cache:45 - Couldn't find template in cache for "v3html/category-view/v3-html-category-view.ftl"("en", UTF-8, parsed); will try to load it.
2024-07-03 19:53:39 DEBUG cache:45 - TemplateLoader.findTemplateSource("v3html/category-view/v3-html-category-view_en.ftl"): Not found
2024-07-03 19:53:39 DEBUG cache:45 - TemplateLoader.findTemplateSource("v3html/category-view/v3-html-category-view.ftl"): Found
2024-07-03 19:53:39 DEBUG cache:45 - Loading template for "v3html/category-view/v3-html-category-view.ftl"("en", UTF-8, parsed) from "jar:file:/C:/Users/ALOK/.m2/repository/com/aventstack/extentreports/4.0.9/extentreports-4.0.9.jar!/com/aventstack/extentreports/view/v3html/category-view/v3-html-category-view.ftl"
2024-07-03 19:53:39 DEBUG cache:45 - Couldn't find template in cache for "v3html/exception-view/v3-html-exception-view.ftl"("en", UTF-8, parsed); will try to load it.
2024-07-03 19:53:39 DEBUG cache:45 - TemplateLoader.findTemplateSource("v3html/exception-view/v3-html-exception-view_en.ftl"): Not found
2024-07-03 19:53:39 DEBUG cache:45 - TemplateLoader.findTemplateSource("v3html/exception-view/v3-html-exception-view.ftl"): Found
2024-07-03 19:53:39 DEBUG cache:45 - Loading template for "v3html/exception-view/v3-html-exception-view.ftl"("en", UTF-8, parsed) from "jar:file:/C:/Users/ALOK/.m2/repository/com/aventstack/extentreports/4.0.9/extentreports-4.0.9.jar!/com/aventstack/extentreports/view/v3html/exception-view/v3-html-exception-view.ftl"
2024-07-03 19:53:39 DEBUG cache:45 - Couldn't find template in cache for "v3html/author-view/v3-html-author-view.ftl"("en", UTF-8, parsed); will try to load it.
2024-07-03 19:53:39 DEBUG cache:45 - TemplateLoader.findTemplateSource("v3html/author-view/v3-html-author-view_en.ftl"): Not found
2024-07-03 19:53:39 DEBUG cache:45 - TemplateLoader.findTemplateSource("v3html/author-view/v3-html-author-view.ftl"): Found
2024-07-03 19:53:39 DEBUG cache:45 - Loading template for "v3html/author-view/v3-html-author-view.ftl"("en", UTF-8, parsed) from "jar:file:/C:/Users/ALOK/.m2/repository/com/aventstack/extentreports/4.0.9/extentreports-4.0.9.jar!/com/aventstack/extentreports/view/v3html/author-view/v3-html-author-view.ftl"
2024-07-03 19:53:39 DEBUG cache:45 - Couldn't find template in cache for "v3html/dashboard-view/v3-html-dashboard-view.ftl"("en", UTF-8, parsed); will try to load it.
2024-07-03 19:53:39 DEBUG cache:45 - TemplateLoader.findTemplateSource("v3html/dashboard-view/v3-html-dashboard-view_en.ftl"): Not found
2024-07-03 19:53:39 DEBUG cache:45 - TemplateLoader.findTemplateSource("v3html/dashboard-view/v3-html-dashboard-view.ftl"): Found
2024-07-03 19:53:39 DEBUG cache:45 - Loading template for "v3html/dashboard-view/v3-html-dashboard-view.ftl"("en", UTF-8, parsed) from "jar:file:/C:/Users/ALOK/.m2/repository/com/aventstack/extentreports/4.0.9/extentreports-4.0.9.jar!/com/aventstack/extentreports/view/v3html/dashboard-view/v3-html-dashboard-view.ftl"
2024-07-03 19:53:39 DEBUG cache:45 - Couldn't find template in cache for "v3html/logs-view/v3-html-testrunner-logs-view.ftl"("en", UTF-8, parsed); will try to load it.
2024-07-03 19:53:39 DEBUG cache:45 - TemplateLoader.findTemplateSource("v3html/logs-view/v3-html-testrunner-logs-view_en.ftl"): Not found
2024-07-03 19:53:39 DEBUG cache:45 - TemplateLoader.findTemplateSource("v3html/logs-view/v3-html-testrunner-logs-view.ftl"): Found
2024-07-03 19:53:39 DEBUG cache:45 - Loading template for "v3html/logs-view/v3-html-testrunner-logs-view.ftl"("en", UTF-8, parsed) from "jar:file:/C:/Users/ALOK/.m2/repository/com/aventstack/extentreports/4.0.9/extentreports-4.0.9.jar!/com/aventstack/extentreports/view/v3html/logs-view/v3-html-testrunner-logs-view.ftl"
